build/app/intermediates/manifest_merge_blame_file/debug/manifest-merger-blame-debug-report.txt
1<?xml version="1.0" encoding="utf-8"?>
2<manifest xmlns:android="http://schemas.android.com/apk/res/android"
3    package="com.example.aadl"
4    android:versionCode="1"
5    android:versionName="1.0.0" >
6
7    <uses-sdk
8        android:minSdkVersion="24"
9        android:targetSdkVersion="28" />
10    <!--
11         Flutter needs it to communicate with the running application
12         to allow setting breakpoints, to provide hot reload, etc.
13    -->
14    <uses-permission android:name="android.permission.INTERNET" />
14-->src\debug\AndroidManifest.xml:6:5-66
14-->src\debug\AndroidManifest.xml:6:22-64
15    <uses-permission android:name="android.permission.ACCESS_COARSE_LOCATION" />
15-->[:location] AndroidManifest.xml:7:5-81
15-->[:location] AndroidManifest.xml:7:22-78
16    <uses-permission android:name="android.permission.ACCESS_FINE_LOCATION" />
16-->[:location] AndroidManifest.xml:8:5-79
16-->[:location] AndroidManifest.xml:8:22-76
17    <uses-permission android:name="android.permission.READ_EXTERNAL_STORAGE" />
17-->[:file_picker] AndroidManifest.xml:7:5-80
17-->[:file_picker] AndroidManifest.xml:7:22-77
18    <uses-permission android:name="android.permission.WRITE_EXTERNAL_STORAGE" />
18-->[:image_picker] AndroidManifest.xml:8:5-81
18-->[:image_picker] AndroidManifest.xml:8:22-78
19    <uses-permission android:name="android.permission.BLUETOOTH" />
19-->[:flutter_reactive_ble] AndroidManifest.xml:10:5-68
19-->[:flutter_reactive_ble] AndroidManifest.xml:10:22-65
20    <uses-permission android:name="android.permission.BLUETOOTH_ADMIN" />
20-->[:flutter_reactive_ble] AndroidManifest.xml:11:5-74
20-->[:flutter_reactive_ble] AndroidManifest.xml:11:22-71
21    <uses-permission android:name="android.permission.CAMERA" />
21-->[:camera] AndroidManifest.xml:7:5-65
21-->[:camera] AndroidManifest.xml:7:22-62
22    <uses-permission android:name="android.permission.RECORD_AUDIO" /> <!-- Although the *SdkVersion is captured in gradle build files, this is required for non gradle builds -->
22-->[:camera] AndroidManifest.xml:8:5-71
22-->[:camera] AndroidManifest.xml:8:22-68
23    <!-- <uses-sdk android:minSdkVersion="14" /> -->
24    <uses-permission android:name="android.permission.ACCESS_NETWORK_STATE" />
24-->[com.google.firebase:firebase-firestore:21.3.0] AndroidManifest.xml:13:5-79
24-->[com.google.firebase:firebase-firestore:21.3.0] AndroidManifest.xml:13:22-76
25
26    <uses-feature
26-->[com.google.android.gms:play-services-maps:17.0.0] AndroidManifest.xml:26:5-28:35
27        android:glEsVersion="0x00020000"
27-->[com.google.android.gms:play-services-maps:17.0.0] AndroidManifest.xml:27:9-41
28        android:required="true" />
28-->[com.google.android.gms:play-services-maps:17.0.0] AndroidManifest.xml:28:9-32
29
30    <uses-permission android:name="android.permission.WAKE_LOCK" />
30-->[com.google.android.gms:play-services-measurement:17.5.0] AndroidManifest.xml:25:5-68
30-->[com.google.android.gms:play-services-measurement:17.5.0] AndroidManifest.xml:25:22-65
31    <uses-permission android:name="com.google.android.finsky.permission.BIND_GET_INSTALL_REFERRER_SERVICE" />
31-->[com.google.android.gms:play-services-measurement:17.5.0] AndroidManifest.xml:26:5-110
31-->[com.google.android.gms:play-services-measurement:17.5.0] AndroidManifest.xml:26:22-107
32
33    <uses-permission-sdk-23 android:name="android.permission.ACCESS_COARSE_LOCATION" />
33-->[com.polidea.rxandroidble2:rxandroidble:1.10.5] AndroidManifest.xml:14:5-88
33-->[com.polidea.rxandroidble2:rxandroidble:1.10.5] AndroidManifest.xml:14:29-85
34    <uses-permission-sdk-23 android:name="android.permission.ACCESS_FINE_LOCATION" />
34-->[com.polidea.rxandroidble2:rxandroidble:1.10.5] AndroidManifest.xml:15:5-86
34-->[com.polidea.rxandroidble2:rxandroidble:1.10.5] AndroidManifest.xml:15:29-83
35    <!--
36 io.flutter.app.FlutterApplication is an android.app.Application that
37         calls FlutterMain.startInitialization(this); in its onCreate method.
38         In most cases you can leave this as-is, but you if you want to provide
39         additional functionality it is fine to subclass or reimplement
40         FlutterApplication and put your custom class here.
41    -->
42    <application
42-->src\main\AndroidManifest.xml:8:5-46:19
43        android:name="io.flutter.app.FlutterApplication"
43-->src\main\AndroidManifest.xml:9:9-57
44        android:appComponentFactory="androidx.core.app.CoreComponentFactory"
44-->[androidx.core:core:1.1.0] AndroidManifest.xml:24:18-86
45        android:debuggable="true"
46        android:icon="@mipmap/ic_launcher"
46-->src\main\AndroidManifest.xml:11:9-43
47        android:label="adminApp"
47-->src\main\AndroidManifest.xml:10:9-33
48        android:supportsRtl="true" >
48-->[com.facebook.android:facebook-login:5.5.1] AndroidManifest.xml:28:18-44
49        <activity
49-->src\main\AndroidManifest.xml:12:9-40:20
50            android:name="com.example.adminApp.MainActivity"
50-->src\main\AndroidManifest.xml:13:13-41
51            android:configChanges="orientation|keyboardHidden|keyboard|screenSize|smallestScreenSize|locale|layoutDirection|fontScale|screenLayout|density|uiMode"
51-->src\main\AndroidManifest.xml:16:13-163
52            android:hardwareAccelerated="true"
52-->src\main\AndroidManifest.xml:17:13-47
53            android:launchMode="singleTop"
53-->src\main\AndroidManifest.xml:14:13-43
54            android:theme="@style/LaunchTheme"
54-->src\main\AndroidManifest.xml:15:13-47
55            android:windowSoftInputMode="adjustResize" >
55-->src\main\AndroidManifest.xml:18:13-55
56
57            <!--
58                 Specifies an Android theme to apply to this Activity as soon as
59                 the Android process has started. This theme is visible to the user
60                 while the Flutter UI initializes. After that, this theme continues
61                 to determine the Window background behind the Flutter UI.
62            -->
63            <meta-data
63-->src\main\AndroidManifest.xml:23:13-26:17
64                android:name="io.flutter.embedding.android.NormalTheme"
64-->src\main\AndroidManifest.xml:24:15-70
65                android:resource="@style/NormalTheme" />
65-->src\main\AndroidManifest.xml:25:15-52
66            <!--
67                 Displays an Android View that continues showing the launch screen
68                 Drawable until Flutter paints its first frame, then this splash
69                 screen fades out. A splash screen is useful to avoid any visual
70                 gap between the end of Android's launch screen and the painting of
71                 Flutter's first frame.
72            -->
73            <meta-data
73-->src\main\AndroidManifest.xml:32:13-35:17
74                android:name="io.flutter.embedding.android.SplashScreenDrawable"
74-->src\main\AndroidManifest.xml:33:15-79
75                android:resource="@drawable/launch_background" />
75-->src\main\AndroidManifest.xml:34:15-61
76
77            <intent-filter>
77-->src\main\AndroidManifest.xml:36:13-39:29
78                <action android:name="android.intent.action.MAIN" />
78-->src\main\AndroidManifest.xml:37:17-68
78-->src\main\AndroidManifest.xml:37:25-66
79
80                <category android:name="android.intent.category.LAUNCHER" />
80-->src\main\AndroidManifest.xml:38:17-76
80-->src\main\AndroidManifest.xml:38:27-74
81            </intent-filter>
82        </activity>
83        <!--
84             Don't delete the meta-data below.
85             This is used by the Flutter tool to generate GeneratedPluginRegistrant.java
86        -->
87        <meta-data
87-->src\main\AndroidManifest.xml:43:9-45:33
88            android:name="flutterEmbedding"
88-->src\main\AndroidManifest.xml:44:13-44
89            android:value="2" />
89-->src\main\AndroidManifest.xml:45:13-30
90
91        <provider
91-->[:image_picker] AndroidManifest.xml:11:9-19:20
92            android:name="io.flutter.plugins.imagepicker.ImagePickerFileProvider"
92-->[:image_picker] AndroidManifest.xml:12:13-82
93            android:authorities="com.example.aadl.flutter.image_provider"
93-->[:image_picker] AndroidManifest.xml:13:13-74
94            android:exported="false"
94-->[:image_picker] AndroidManifest.xml:14:13-37
95            android:grantUriPermissions="true" >
95-->[:image_picker] AndroidManifest.xml:15:13-47
96            <meta-data
96-->[:image_picker] AndroidManifest.xml:16:13-18:75
97                android:name="android.support.FILE_PROVIDER_PATHS"
97-->[:image_picker] AndroidManifest.xml:17:17-67
98                android:resource="@xml/flutter_image_picker_file_paths" />
98-->[:image_picker] AndroidManifest.xml:18:17-72
99        </provider>
100
101        <service
101-->[:cloud_firestore] AndroidManifest.xml:8:9-12:19
102            android:name="com.google.firebase.components.ComponentDiscoveryService"
102-->[:cloud_firestore] AndroidManifest.xml:8:18-89
103            android:directBootAware="true"
103-->[com.google.firebase:firebase-common:19.3.0] AndroidManifest.xml:34:13-43
104            android:exported="false" >
104-->[com.google.firebase:firebase-auth:19.3.1] AndroidManifest.xml:35:13-37
105            <meta-data
105-->[:cloud_firestore] AndroidManifest.xml:9:13-11:85
106                android:name="com.google.firebase.components:io.flutter.plugins.firebase.cloudfirestore.FlutterFirebaseAppRegistrar"
106-->[:cloud_firestore] AndroidManifest.xml:10:17-133
107                android:value="com.google.firebase.components.ComponentRegistrar" />
107-->[:cloud_firestore] AndroidManifest.xml:11:17-82
108            <meta-data
108-->[:firebase_auth] AndroidManifest.xml:9:13-11:85
109                android:name="com.google.firebase.components:io.flutter.plugins.firebaseauth.FlutterFirebaseAppRegistrar"
109-->[:firebase_auth] AndroidManifest.xml:10:17-122
110                android:value="com.google.firebase.components.ComponentRegistrar" />
110-->[:firebase_auth] AndroidManifest.xml:11:17-82
111            <meta-data
111-->[:firebase_database] AndroidManifest.xml:9:13-11:85
112                android:name="com.google.firebase.components:io.flutter.plugins.firebase.database.FlutterFirebaseAppRegistrar"
112-->[:firebase_database] AndroidManifest.xml:10:17-127
113                android:value="com.google.firebase.components.ComponentRegistrar" />
113-->[:firebase_database] AndroidManifest.xml:11:17-82
114            <meta-data
114-->[:firebase_storage] AndroidManifest.xml:9:13-11:85
115                android:name="com.google.firebase.components:io.flutter.plugins.firebase.storage.FlutterFirebaseAppRegistrar"
115-->[:firebase_storage] AndroidManifest.xml:10:17-126
116                android:value="com.google.firebase.components.ComponentRegistrar" />
116-->[:firebase_storage] AndroidManifest.xml:11:17-82
117            <meta-data
117-->[:firebase_core] AndroidManifest.xml:9:13-11:85
118                android:name="com.google.firebase.components:io.flutter.plugins.firebase.core.FlutterFirebaseAppRegistrar"
118-->[:firebase_core] AndroidManifest.xml:10:17-123
119                android:value="com.google.firebase.components.ComponentRegistrar" />
119-->[:firebase_core] AndroidManifest.xml:11:17-82
120            <meta-data
120-->[com.google.firebase:firebase-auth:19.3.1] AndroidManifest.xml:36:13-38:85
121                android:name="com.google.firebase.components:com.google.firebase.auth.FirebaseAuthRegistrar"
121-->[com.google.firebase:firebase-auth:19.3.1] AndroidManifest.xml:37:17-109
122                android:value="com.google.firebase.components.ComponentRegistrar" />
122-->[com.google.firebase:firebase-auth:19.3.1] AndroidManifest.xml:38:17-82
123            <meta-data
123-->[com.google.firebase:firebase-firestore:21.3.0] AndroidManifest.xml:20:13-22:85
124                android:name="com.google.firebase.components:com.google.firebase.firestore.FirestoreRegistrar"
124-->[com.google.firebase:firebase-firestore:21.3.0] AndroidManifest.xml:21:17-111
125                android:value="com.google.firebase.components.ComponentRegistrar" />
125-->[com.google.firebase:firebase-firestore:21.3.0] AndroidManifest.xml:22:17-82
126            <meta-data
126-->[com.google.firebase:firebase-database:17.0.0] AndroidManifest.xml:30:13-32:85
127                android:name="com.google.firebase.components:com.google.firebase.database.DatabaseRegistrar"
127-->[com.google.firebase:firebase-database:17.0.0] AndroidManifest.xml:31:17-109
128                android:value="com.google.firebase.components.ComponentRegistrar" />
128-->[com.google.firebase:firebase-database:17.0.0] AndroidManifest.xml:32:17-82
129            <meta-data
129-->[com.google.firebase:firebase-storage:17.0.0] AndroidManifest.xml:31:13-33:85
130                android:name="com.google.firebase.components:com.google.firebase.storage.StorageRegistrar"
130-->[com.google.firebase:firebase-storage:17.0.0] AndroidManifest.xml:32:17-107
131                android:value="com.google.firebase.components.ComponentRegistrar" />
131-->[com.google.firebase:firebase-storage:17.0.0] AndroidManifest.xml:33:17-82
132            <meta-data
132-->[com.google.android.gms:play-services-measurement-api:17.5.0] AndroidManifest.xml:30:13-32:85
133                android:name="com.google.firebase.components:com.google.firebase.analytics.connector.internal.AnalyticsConnectorRegistrar"
133-->[com.google.android.gms:play-services-measurement-api:17.5.0] AndroidManifest.xml:31:17-139
134                android:value="com.google.firebase.components.ComponentRegistrar" />
134-->[com.google.android.gms:play-services-measurement-api:17.5.0] AndroidManifest.xml:32:17-82
135            <meta-data
135-->[com.google.firebase:firebase-installations:16.3.2] AndroidManifest.xml:17:13-19:85
136                android:name="com.google.firebase.components:com.google.firebase.installations.FirebaseInstallationsRegistrar"
136-->[com.google.firebase:firebase-installations:16.3.2] AndroidManifest.xml:18:17-127
137                android:value="com.google.firebase.components.ComponentRegistrar" />
137-->[com.google.firebase:firebase-installations:16.3.2] AndroidManifest.xml:19:17-82
138        </service>
139
140        <activity
140-->[:flutter_inappwebview] AndroidManifest.xml:8:9-11:47
141            android:name="com.pichillilorenzo.flutter_inappwebview.InAppBrowser.InAppBrowserActivity"
141-->[:flutter_inappwebview] AndroidManifest.xml:9:13-102
142            android:configChanges="orientation|screenSize"
142-->[:flutter_inappwebview] AndroidManifest.xml:10:13-59
143            android:theme="@style/AppTheme" />
143-->[:flutter_inappwebview] AndroidManifest.xml:11:13-44
144        <activity
144-->[:flutter_inappwebview] AndroidManifest.xml:12:9-15:55
145            android:name="com.pichillilorenzo.flutter_inappwebview.ChromeCustomTabs.ChromeCustomTabsActivity"
145-->[:flutter_inappwebview] AndroidManifest.xml:13:13-110
146            android:configChanges="orientation|screenSize"
146-->[:flutter_inappwebview] AndroidManifest.xml:14:13-59
147            android:theme="@style/ThemeTransparent" />
147-->[:flutter_inappwebview] AndroidManifest.xml:15:13-52
148
149        <receiver android:name="com.pichillilorenzo.flutter_inappwebview.ChromeCustomTabs.ActionBroadcastReceiver" />
149-->[:flutter_inappwebview] AndroidManifest.xml:17:9-118
149-->[:flutter_inappwebview] AndroidManifest.xml:17:19-115
150
151        <provider
151-->[:flutter_email_sender] AndroidManifest.xml:8:9-16:20
152            android:name="com.sidlatau.flutteremailsender.FlutterEmailSenderFileProvider"
152-->[:flutter_email_sender] AndroidManifest.xml:9:13-90
153            android:authorities="com.example.aadl.file_provider"
153-->[:flutter_email_sender] AndroidManifest.xml:10:13-65
154            android:exported="false"
154-->[:flutter_email_sender] AndroidManifest.xml:11:13-37
155            android:grantUriPermissions="true" >
155-->[:flutter_email_sender] AndroidManifest.xml:12:13-47
156            <meta-data
156-->[:image_picker] AndroidManifest.xml:16:13-18:75
157                android:name="android.support.FILE_PROVIDER_PATHS"
157-->[:image_picker] AndroidManifest.xml:17:17-67
158                android:resource="@xml/shared_file_paths" />
158-->[:image_picker] AndroidManifest.xml:18:17-72
159        </provider>
160
161        <activity
161-->[:url_launcher] AndroidManifest.xml:8:9-11:74
162            android:name="io.flutter.plugins.urllauncher.WebViewActivity"
162-->[:url_launcher] AndroidManifest.xml:9:13-74
163            android:exported="false"
163-->[:url_launcher] AndroidManifest.xml:10:13-37
164            android:theme="@android:style/Theme.NoTitleBar.Fullscreen" />
164-->[:url_launcher] AndroidManifest.xml:11:13-71
165
166        <provider
166-->[:printing] AndroidManifest.xml:8:9-16:20
167            android:name="net.nfet.flutter.printing.PrintFileProvider"
167-->[:printing] AndroidManifest.xml:9:13-71
168            android:authorities="com.example.aadl.flutter.printing"
168-->[:printing] AndroidManifest.xml:10:13-68
169            android:exported="false"
169-->[:printing] AndroidManifest.xml:11:13-37
170            android:grantUriPermissions="true" >
170-->[:printing] AndroidManifest.xml:12:13-47
171            <meta-data
171-->[:image_picker] AndroidManifest.xml:16:13-18:75
172                android:name="android.support.FILE_PROVIDER_PATHS"
172-->[:image_picker] AndroidManifest.xml:17:17-67
173                android:resource="@xml/flutter_printing_file_paths" />
173-->[:image_picker] AndroidManifest.xml:18:17-72
174        </provider>
175
176        <activity
176-->[com.google.firebase:firebase-auth:19.3.1] AndroidManifest.xml:24:9-31:50
177            android:name="com.google.firebase.auth.internal.FederatedSignInActivity"
177-->[com.google.firebase:firebase-auth:19.3.1] AndroidManifest.xml:25:13-85
178            android:excludeFromRecents="true"
178-->[com.google.firebase:firebase-auth:19.3.1] AndroidManifest.xml:26:13-46
179            android:exported="true"
179-->[com.google.firebase:firebase-auth:19.3.1] AndroidManifest.xml:27:13-36
180            android:launchMode="singleTask"
180-->[com.google.firebase:firebase-auth:19.3.1] AndroidManifest.xml:28:13-44
181            android:permission="com.google.firebase.auth.api.gms.permission.LAUNCH_FEDERATED_SIGN_IN"
181-->[com.google.firebase:firebase-auth:19.3.1] AndroidManifest.xml:29:13-102
182            android:theme="@android:style/Theme.Translucent.NoTitleBar" />
182-->[com.google.firebase:firebase-auth:19.3.1] AndroidManifest.xml:30:13-72
183        <activity
183-->[com.google.android.gms:play-services-auth:16.0.1] AndroidManifest.xml:23:9-27:75
184            android:name="com.google.android.gms.auth.api.signin.internal.SignInHubActivity"
184-->[com.google.android.gms:play-services-auth:16.0.1] AndroidManifest.xml:24:13-93
185            android:excludeFromRecents="true"
185-->[com.google.android.gms:play-services-auth:16.0.1] AndroidManifest.xml:25:13-46
186            android:exported="false"
186-->[com.google.android.gms:play-services-auth:16.0.1] AndroidManifest.xml:26:13-37
187            android:theme="@android:style/Theme.Translucent.NoTitleBar" />
187-->[com.google.android.gms:play-services-auth:16.0.1] AndroidManifest.xml:27:13-72
188        <!--
189            Service handling Google Sign-In user revocation. For apps that do not integrate with
190            Google Sign-In, this service will never be started.
191        -->
192        <service
192-->[com.google.android.gms:play-services-auth:16.0.1] AndroidManifest.xml:33:9-36:110
193            android:name="com.google.android.gms.auth.api.signin.RevocationBoundService"
193-->[com.google.android.gms:play-services-auth:16.0.1] AndroidManifest.xml:34:13-89
194            android:exported="true"
194-->[com.google.android.gms:play-services-auth:16.0.1] AndroidManifest.xml:35:13-36
195            android:permission="com.google.android.gms.auth.api.signin.permission.REVOCATION_NOTIFICATION" /> <!-- Needs to be explicitly declared on P+ -->
195-->[com.google.android.gms:play-services-auth:16.0.1] AndroidManifest.xml:36:13-107
196        <uses-library
196-->[com.google.android.gms:play-services-maps:17.0.0] AndroidManifest.xml:33:9-35:40
197            android:name="org.apache.http.legacy"
197-->[com.google.android.gms:play-services-maps:17.0.0] AndroidManifest.xml:34:13-50
198            android:required="false" />
198-->[com.google.android.gms:play-services-maps:17.0.0] AndroidManifest.xml:35:13-37
199
200        <activity
200-->[com.google.android.gms:play-services-base:17.1.0] AndroidManifest.xml:23:9-26:75
201            android:name="com.google.android.gms.common.api.GoogleApiActivity"
201-->[com.google.android.gms:play-services-base:17.1.0] AndroidManifest.xml:24:13-79
202            android:exported="false"
202-->[com.google.android.gms:play-services-base:17.1.0] AndroidManifest.xml:25:13-37
203            android:theme="@android:style/Theme.Translucent.NoTitleBar" />
203-->[com.google.android.gms:play-services-base:17.1.0] AndroidManifest.xml:26:13-72
204
205        <receiver
205-->[com.google.android.gms:play-services-measurement:17.5.0] AndroidManifest.xml:29:9-33:20
206            android:name="com.google.android.gms.measurement.AppMeasurementReceiver"
206-->[com.google.android.gms:play-services-measurement:17.5.0] AndroidManifest.xml:30:13-85
207            android:enabled="true"
207-->[com.google.android.gms:play-services-measurement:17.5.0] AndroidManifest.xml:31:13-35
208            android:exported="false" >
208-->[com.google.android.gms:play-services-measurement:17.5.0] AndroidManifest.xml:32:13-37
209        </receiver>
210
211        <service
211-->[com.google.android.gms:play-services-measurement:17.5.0] AndroidManifest.xml:35:9-38:40
212            android:name="com.google.android.gms.measurement.AppMeasurementService"
212-->[com.google.android.gms:play-services-measurement:17.5.0] AndroidManifest.xml:36:13-84
213            android:enabled="true"
213-->[com.google.android.gms:play-services-measurement:17.5.0] AndroidManifest.xml:37:13-35
214            android:exported="false" />
214-->[com.google.android.gms:play-services-measurement:17.5.0] AndroidManifest.xml:38:13-37
215        <service
215-->[com.google.android.gms:play-services-measurement:17.5.0] AndroidManifest.xml:39:9-43:72
216            android:name="com.google.android.gms.measurement.AppMeasurementJobService"
216-->[com.google.android.gms:play-services-measurement:17.5.0] AndroidManifest.xml:40:13-87
217            android:enabled="true"
217-->[com.google.android.gms:play-services-measurement:17.5.0] AndroidManifest.xml:41:13-35
218            android:exported="false"
218-->[com.google.android.gms:play-services-measurement:17.5.0] AndroidManifest.xml:42:13-37
219            android:permission="android.permission.BIND_JOB_SERVICE" />
219-->[com.google.android.gms:play-services-measurement:17.5.0] AndroidManifest.xml:43:13-69
220
221        <provider
221-->[com.google.firebase:firebase-common:19.3.0] AndroidManifest.xml:26:9-30:39
222            android:name="com.google.firebase.provider.FirebaseInitProvider"
222-->[com.google.firebase:firebase-common:19.3.0] AndroidManifest.xml:27:13-77
223            android:authorities="com.example.aadl.firebaseinitprovider"
223-->[com.google.firebase:firebase-common:19.3.0] AndroidManifest.xml:28:13-72
224            android:exported="false"
224-->[com.google.firebase:firebase-common:19.3.0] AndroidManifest.xml:29:13-37
225            android:initOrder="100" />
225-->[com.google.firebase:firebase-common:19.3.0] AndroidManifest.xml:30:13-36
226
227        <meta-data
227-->[com.google.android.gms:play-services-basement:17.0.0] AndroidManifest.xml:23:9-25:69
228            android:name="com.google.android.gms.version"
228-->[com.google.android.gms:play-services-basement:17.0.0] AndroidManifest.xml:24:13-58
229            android:value="@integer/google_play_services_version" />
229-->[com.google.android.gms:play-services-basement:17.0.0] AndroidManifest.xml:25:13-66
230
231        <activity
231-->[com.facebook.android:facebook-common:5.5.1] AndroidManifest.xml:29:9-32:66
232            android:name="com.facebook.FacebookActivity"
232-->[com.facebook.android:facebook-common:5.5.1] AndroidManifest.xml:30:13-57
233            android:configChanges="keyboard|keyboardHidden|screenLayout|screenSize|orientation"
233-->[com.facebook.android:facebook-common:5.5.1] AndroidManifest.xml:31:13-96
234            android:theme="@style/com_facebook_activity_theme" />
234-->[com.facebook.android:facebook-common:5.5.1] AndroidManifest.xml:32:13-63
235        <activity android:name="com.facebook.CustomTabMainActivity" />
235-->[com.facebook.android:facebook-common:5.5.1] AndroidManifest.xml:33:9-71
235-->[com.facebook.android:facebook-common:5.5.1] AndroidManifest.xml:33:19-68
236        <activity android:name="com.facebook.CustomTabActivity" />
236-->[com.facebook.android:facebook-common:5.5.1] AndroidManifest.xml:34:9-67
236-->[com.facebook.android:facebook-common:5.5.1] AndroidManifest.xml:34:19-64
237        <!--
238         The initialization ContentProvider will call FacebookSdk.sdkInitialize automatically
239         with the application context. This config is merged in with the host app's manifest,
240         but there can only be one provider with the same authority activated at any given
241         point; so if the end user has two or more different apps that use Facebook SDK, only the
242         first one will be able to use the provider. To work around this problem, we use the
243         following placeholder in the authority to identify each host application as if it was
244         a completely different provider.
245        -->
246        <provider
246-->[com.facebook.android:facebook-core:5.5.1] AndroidManifest.xml:39:9-42:40
247            android:name="com.facebook.internal.FacebookInitProvider"
247-->[com.facebook.android:facebook-core:5.5.1] AndroidManifest.xml:40:13-70
248            android:authorities="com.example.aadl.FacebookInitProvider"
248-->[com.facebook.android:facebook-core:5.5.1] AndroidManifest.xml:41:13-72
249            android:exported="false" />
249-->[com.facebook.android:facebook-core:5.5.1] AndroidManifest.xml:42:13-37
250
251        <receiver
251-->[com.facebook.android:facebook-core:5.5.1] AndroidManifest.xml:44:9-50:20
252            android:name="com.facebook.CurrentAccessTokenExpirationBroadcastReceiver"
252-->[com.facebook.android:facebook-core:5.5.1] AndroidManifest.xml:45:13-86
253            android:exported="false" >
253-->[com.facebook.android:facebook-core:5.5.1] AndroidManifest.xml:46:13-37
254            <intent-filter>
254-->[com.facebook.android:facebook-core:5.5.1] AndroidManifest.xml:47:13-49:29
255                <action android:name="com.facebook.sdk.ACTION_CURRENT_ACCESS_TOKEN_CHANGED" />
255-->[com.facebook.android:facebook-core:5.5.1] AndroidManifest.xml:48:17-95
255-->[com.facebook.android:facebook-core:5.5.1] AndroidManifest.xml:48:25-92
256            </intent-filter>
257        </receiver>
258        <receiver
258-->[com.facebook.android:facebook-core:5.5.1] AndroidManifest.xml:51:9-58:20
259            android:name="com.facebook.CampaignTrackingReceiver"
259-->[com.facebook.android:facebook-core:5.5.1] AndroidManifest.xml:52:13-65
260            android:exported="true"
260-->[com.facebook.android:facebook-core:5.5.1] AndroidManifest.xml:53:13-36
261            android:permission="android.permission.INSTALL_PACKAGES" >
261-->[com.facebook.android:facebook-core:5.5.1] AndroidManifest.xml:54:13-69
262            <intent-filter>
262-->[com.facebook.android:facebook-core:5.5.1] AndroidManifest.xml:55:13-57:29
263                <action android:name="com.android.vending.INSTALL_REFERRER" />
263-->[com.facebook.android:facebook-core:5.5.1] AndroidManifest.xml:56:17-79
263-->[com.facebook.android:facebook-core:5.5.1] AndroidManifest.xml:56:25-76
264            </intent-filter>
265        </receiver>
266    </application>
267
268</manifest>